<?xml version="1.0" encoding="UTF-8"?>
<testsuite name="censusanalyser.CensusAnalyserTest" tests="4" skipped="0" failures="0" errors="0" timestamp="2021-02-04T10:18:47" hostname="DESKTOP-BLCU99U" time="0.936">
  <properties/>
  <testcase name="givenIndianCensusData_WhenSortedOnState_ReturnSortedResult" classname="censusanalyser.CensusAnalyserTest" time="0.61"/>
  <testcase name="givenIndianCensusCSVFileReturnsCorrectRecords" classname="censusanalyser.CensusAnalyserTest" time="0.051"/>
  <testcase name="givenIndianStateCSV_ShouldReturnExactCount" classname="censusanalyser.CensusAnalyserTest" time="0.215"/>
  <testcase name="givenIndiaCensusData_WithWrongFile_ShouldThrowException" classname="censusanalyser.CensusAnalyserTest" time="0.058"/>
  <system-out><![CDATA[]]></system-out>
  <system-err><![CDATA[]]></system-err>
</testsuite>
