<?xml version="1.0" encoding="UTF-8"?>
<testsuite name="censusanalyser.CensusAnalyserTest" tests="1" skipped="0" failures="0" errors="0" timestamp="2021-02-02T10:33:04" hostname="DESKTOP-BLCU99U" time="0.35">
  <properties/>
  <testcase name="givenIndianCensusData_WhenSortedOnState_ReturnSortedResult" classname="censusanalyser.CensusAnalyserTest" time="0.35"/>
  <system-out><![CDATA[]]></system-out>
  <system-err><![CDATA[]]></system-err>
</testsuite>
