<?xml version="1.0" encoding="UTF-8"?>
<<<<<<< HEAD
<testsuite name="censusanalyser.CensusAnalyserTest" tests="1" skipped="0" failures="0" errors="0" timestamp="2021-02-02T10:33:04" hostname="DESKTOP-BLCU99U" time="0.35">
  <properties/>
  <testcase name="givenIndianCensusData_WhenSortedOnState_ReturnSortedResult" classname="censusanalyser.CensusAnalyserTest" time="0.35"/>
=======
<testsuite name="censusanalyser.CensusAnalyserTest" tests="3" skipped="0" failures="0" errors="0" timestamp="2021-01-31T14:24:17" hostname="DESKTOP-BLCU99U" time="0.318">
  <properties/>
  <testcase name="givenIndianCensusCSVFileReturnsCorrectRecords" classname="censusanalyser.CensusAnalyserTest" time="0.259"/>
  <testcase name="givenIndianStateCSV_ShouldReturnExactCount" classname="censusanalyser.CensusAnalyserTest" time="0.005"/>
  <testcase name="givenIndiaCensusData_WithWrongFile_ShouldThrowException" classname="censusanalyser.CensusAnalyserTest" time="0.043"/>
>>>>>>> f97c193544b9825cde3123929c687fa5db9a34d6
  <system-out><![CDATA[]]></system-out>
  <system-err><![CDATA[]]></system-err>
</testsuite>
